Logfile for XY Calibration

Generated with CalibrationLibrary version 1.4.1.1

SCANLAB GmbH
Siemensstr. 2a
82178 Puchheim

Time stamp: 24_02_29_10_25_43

Original correction file: C:\workspace\calibration\scanlab_orig_files\Cor_1to1.ct5
Readme Information available: false

XY Calibration executed successfully? Yes

XY Calibration options: 
Use automatic tolerance? No
Tolerance: 5000.00000 um
Set new calibration factor? Yes
New calibration factor: 8737
Set center offset to zero? No
Use Improve mode? No
Restrict mode On? No
Using faster algorithm? No
Set max possible fit order manually? No

Extra information about the results of XY calibration:
New calibration factor: 8737 bit/mm
Maximum deviation fit to measurement: 0.12774 mm
Standard deviation fit to measurement: 0.03401 mm
Standard deviation fit to measurement X: 0.02962 mm
Standard deviation fit to measurement Y: 0.01672 mm
Regularization factor used: 50.00000
New Image Field minimum X-coordinate: -60.00778 mm
New Image Field maximum X-coordinate: 60.00767 mm
New Image Field minimum Y-coordinate: -60.00778 mm
New Image Field maximum Y-coordinate: 60.00767 mm
Polynomial order of fit (X-direction): 5
Polynomial order of fit (Y-direction): 9
Galvo limits reached? No

Provided Input:
Number of points: 121
TargetX TargetY MeasurementX MeasurementY
-480535 -480535 -57.70000 -60.53700
-384428 -480535 -46.31300 -60.28300
-288321 -480535 -34.92500 -60.07100
-192214 -480535 -23.62200 -59.94400
-96107 -480535 -12.36100 -59.94400
0 -480535 -1.10100 -60.02900
96107 -480535 10.07500 -60.19800
192214 -480535 21.33600 -60.49400
288321 -480535 32.47000 -60.87500
384428 -480535 43.56100 -61.38300
480535 -480535 54.48300 -61.68000
-480535 -384428 -58.63200 -48.26000
-384428 -384428 -46.99000 -48.04800
-288321 -384428 -35.34800 -47.92100
-192214 -384428 -23.79100 -47.92100
-96107 -384428 -12.27700 -47.87900
0 -384428 -0.88900 -48.00600
96107 -384428 10.54100 -48.17500
192214 -384428 21.97100 -48.51400
288321 -384428 33.35900 -48.89500
384428 -384428 44.74600 -49.40300
480535 -384428 55.96500 -49.99600
-480535 -288321 -59.35100 -35.94100
-384428 -288321 -47.45600 -35.81400
-288321 -288321 -35.60200 -35.77200
-192214 -288321 -23.87600 -35.77200
-96107 -288321 -12.19200 -35.85600
0 -288321 -0.63500 -35.98300
96107 -288321 10.96400 -36.23700
192214 -288321 22.52100 -36.49100
288321 -288321 34.12100 -36.95700
384428 -288321 45.63500 -37.33800
480535 -288321 57.15000 -37.84600
-480535 -192214 -59.73200 -23.58000
-384428 -192214 -47.66700 -23.53700
-288321 -192214 -35.72900 -23.58000
-192214 -192214 -23.87600 -23.66400
-96107 -192214 -12.10700 -23.83400
0 -192214 -0.46600 -24.04500
96107 -192214 11.26100 -24.21500
192214 -192214 23.02900 -24.55300
288321 -192214 34.71300 -24.89200
384428 -192214 46.44000 -25.27300
480535 -192214 58.08100 -25.69600
-480535 -96107 -59.94400 -11.21800
-384428 -96107 -47.79400 -11.30300
-288321 -96107 -35.77200 -11.51500
-192214 -96107 -23.83400 -11.64200
-96107 -96107 -11.98000 -11.85300
0 -96107 -0.21200 -12.02300
96107 -96107 11.55700 -12.27700
192214 -96107 23.41000 -12.57300
288321 -96107 35.17900 -12.86900
384428 -96107 46.94800 -13.16600
480535 -96107 58.75900 -13.46200
-480535 0 -60.02900 1.27000
-384428 0 -47.79400 0.97400
-288321 0 -35.72900 0.72000
-192214 0 -23.70700 0.50800
-96107 0 -11.85300 0.25400
0 0 0.00000 0.00000
96107 0 11.81100 -0.25400
192214 0 23.66400 -0.46600
288321 0 35.56000 -0.72000
384428 0 47.37100 -0.93100
480535 0 59.22400 -1.18500
-480535 96107 -59.77500 13.80100
-384428 96107 -47.62500 13.37700
-288321 96107 -35.56000 12.99600
-192214 96107 -23.53700 12.70000
-96107 96107 -11.68400 12.40400
0 96107 0.16900 12.10700
96107 96107 12.02300 11.89600
192214 96107 23.87600 11.72600
288321 96107 35.77200 11.51500
384428 96107 47.62500 11.38800
480535 96107 59.47800 11.21800
-480535 192214 -59.35100 26.33100
-384428 192214 -47.24400 25.82300
-288321 192214 -35.26400 25.35800
-192214 192214 -23.32600 24.93400
-96107 192214 -11.43000 24.59600
0 192214 0.42300 24.21500
96107 192214 12.19200 24.00300
192214 192214 24.04500 23.83400
288321 192214 35.85600 23.66400
384428 192214 47.66700 23.66400
480535 192214 59.43600 23.62200
-480535 288321 -58.63200 38.82000
-384428 288321 -46.73600 38.22700
-288321 288321 -34.79800 37.67700
-192214 288321 -22.94500 37.21100
-96107 288321 -11.13400 36.74500
0 288321 0.59300 36.40700
96107 288321 12.31900 36.11000
192214 288321 24.04500 35.98300
288321 288321 35.81400 35.94100
384428 288321 47.49800 35.94100
480535 288321 59.14000 35.98300
-480535 384428 -57.65800 51.43500
-384428 384428 -45.93200 50.75800
-288321 384428 -34.16300 50.16500
-192214 384428 -22.47900 49.61500
-96107 384428 -10.79500 49.14900
0 384428 0.80400 48.72600
96107 384428 12.31900 48.42900
192214 384428 24.00300 48.34500
288321 384428 35.60200 48.26000
384428 384428 47.11700 48.30200
480535 384428 58.58900 48.38700
-480535 480535 -55.96500 63.45800
-384428 480535 -44.91600 63.28800
-288321 480535 -33.40100 62.65300
-192214 480535 -21.88600 62.06100
-96107 480535 -10.41400 61.55300
0 480535 1.01600 61.12900
96107 480535 12.40400 60.79100
192214 480535 23.83400 60.62100
288321 480535 35.17900 60.57900
384428 480535 46.48200 60.70600
480535 480535 57.53100 60.79100
